#
# A fatal error has been detected by the Java Runtime Environment:
#
#  EXCEPTION_ACCESS_VIOLATION (0xc0000005) at pc=0x00007ffe3b418627, pid=14756, tid=10460
#
# JRE version: Java(TM) SE Runtime Environment (22.0.2+9) (build 22.0.2+9-70)
# Java VM: Java HotSpot(TM) 64-Bit Server VM (22.0.2+9-70, mixed mode, emulated-client, sharing, tiered, compressed oops, compressed class ptrs, g1 gc, windows-amd64)
# Problematic frame:
# V  [jvm.dll+0x698627]
#
# No core dump will be written. Minidumps are not enabled by default on client versions of Windows
#
# If you would like to submit a bug report, please visit:
#   https://bugreport.java.com/bugreport/crash.jsp
#

---------------  S U M M A R Y ------------

Command Line: -XX:TieredStopAtLevel=1 com.clinica.ClinicaApplication

Host: Intel(R) Pentium(R) CPU G4400 @ 3.30GHz, 2 cores, 7G,  Windows 10 , 64 bit Build 19041 (10.0.19041.1889)
Time: Thu Nov 21 12:17:31 2024 Hora oficial do Brasil elapsed time: 71954.296981 seconds (0d 19h 59m 14s)

---------------  T H R E A D  ---------------

Current thread (0x0000018b6d4100c0):  WorkerThread "GC Thread#1"    [id=10460, stack(0x0000006e12400000,0x0000006e12500000) (1024K)]

Stack: [0x0000006e12400000,0x0000006e12500000],  sp=0x0000006e124ff7e0,  free space=1021k
Native frames: (J=compiled Java code, j=interpreted, Vv=VM code, C=native code)
V  [jvm.dll+0x698627]  (no source info available)
V  [jvm.dll+0x3c4b9d]  (no source info available)
V  [jvm.dll+0x6efe02]  (no source info available)
V  [jvm.dll+0x35c565]  (no source info available)
V  [jvm.dll+0x8a4bb7]  (no source info available)
V  [jvm.dll+0x81dc0b]  (no source info available)
V  [jvm.dll+0x6e0d85]  (no source info available)
C  [ucrtbase.dll+0x21bb2]  (no source info available)
C  [KERNEL32.DLL+0x17034]  (no source info available)
C  [ntdll.dll+0x52651]  (no source info available)


siginfo: EXCEPTION_ACCESS_VIOLATION (0xc0000005), reading address 0xffffffffffffffff


Registers:
RAX=0x0000000000000070, RBX=0x0000018b6d3b8aa0, RCX=0x8000000000000000, RDX=0x0000000000000000
RSP=0x0000006e124ff7e0, RBP=0x0000000000000010, RSI=0x8000000000000000, RDI=0x8000000000000000
R8 =0x0000000000000002, R9 =0x0000018b20a86a40, R10=0x0000018b20a86a08, R11=0x0000006e124ff8b0
R12=0x0000000000000030, R13=0x0000000000000000, R14=0x0000000000000000, R15=0x00000000000003d8
RIP=0x00007ffe3b418627, EFLAGS=0x0000000000010202


Register to memory mapping:

RAX=0x0000000000000070 is an unknown value
RBX=0x0000018b6d3b8aa0 points into unknown readable memory: 0x0000000000000000 | 00 00 00 00 00 00 00 00
RCX=0x8000000000000000 is an unknown value
RDX=0x0 is null
RSP=0x0000006e124ff7e0 points into unknown readable memory: 0x0000018b162e28c0 | c0 28 2e 16 8b 01 00 00
RBP=0x0000000000000010 is an unknown value
RSI=0x8000000000000000 is an unknown value
RDI=0x8000000000000000 is an unknown value
R8 =0x0000000000000002 is an unknown value
R9 =0x0000018b20a86a40 is at entry_point+32 in (nmethod*)0x0000018b20a86890
Compiled method (n/a) 71954863  613     n 0       jdk.internal.misc.Unsafe::getShort (native)
 total in heap  [0x0000018b20a86890,0x0000018b20a86c58] = 968
 relocation     [0x0000018b20a869e8,0x0000018b20a86a20] = 56
 main code      [0x0000018b20a86a20,0x0000018b20a86c52] = 562
 stub code      [0x0000018b20a86c52,0x0000018b20a86c58] = 6
R10=0x0000018b20a86a08 is at entry_point+-24 in (nmethod*)0x0000018b20a86890
Compiled method (n/a) 71954875  613     n 0       jdk.internal.misc.Unsafe::getShort (native)
 total in heap  [0x0000018b20a86890,0x0000018b20a86c58] = 968
 relocation     [0x0000018b20a869e8,0x0000018b20a86a20] = 56
 main code      [0x0000018b20a86a20,0x0000018b20a86c52] = 562
 stub code      [0x0000018b20a86c52,0x0000018b20a86c58] = 6
R11=0x0000006e124ff8b0 points into unknown readable memory: 0x0000000000000070 | 70 00 00 00 00 00 00 00
R12=0x0000000000000030 is an unknown value
R13=0x0 is null
R14=0x0 is null
R15=0x00000000000003d8 is an unknown value

Top of Stack: (sp=0x0000006e124ff7e0)
0x0000006e124ff7e0:   0000018b162e28c0 00007ffe00000001
0x0000006e124ff7f0:   0000000000000000 0000018b162e28c0
0x0000006e124ff800:   00007ffe00000000 00007ffe3afa0a63
0x0000006e124ff810:   00000000000003d8 0000018b2976b1b8
0x0000006e124ff820:   0000000000000000 0000000000000030
0x0000006e124ff830:   8000000000000000 00007ffe3b144b9d
0x0000006e124ff840:   0000018b20a82710 0000000000000000
0x0000006e124ff850:   0000000000000010 0000000000000002
0x0000006e124ff860:   0000018b27e99a38 0000000000000000
0x0000006e124ff870:   0000018b6d4164c0 0000018b27e99650
0x0000006e124ff880:   0000018b27e99660 00007ffe3b46fe02
0x0000006e124ff890:   0000018b20a86590 0000018b20a86890
0x0000006e124ff8a0:   0000006e119feb90 0000000000000000
0x0000006e124ff8b0:   0000000000000070 0000018b6d411980
0x0000006e124ff8c0:   0000000000000001 00007ffe3b0dc565
0x0000006e124ff8d0:   0000006e119feb50 0000018b6d4100c0
0x0000006e124ff8e0:   0000000000000001 0000000000000001
0x0000006e124ff8f0:   0000018b6d3b8aa0 00007ffe3b624bb7
0x0000006e124ff900:   0000018b163c3e88 0000018b163c3e88
0x0000006e124ff910:   0000000000000001 0000018b6d3b8aa0
0x0000006e124ff920:   0000000000000000 0000018b6d4100c0
0x0000006e124ff930:   0000000000000000 0000000000100000
0x0000006e124ff940:   00000000000075a3 00007ffe3b59dc0b
0x0000006e124ff950:   0000006e12400000 00000000ffffffff
0x0000006e124ff960:   00000000000075a3 0000000000000000
0x0000006e124ff970:   0000000000000000 0000011d03bf0000
0x0000006e124ff980:   0000000100010000 0000000000000000
0x0000006e124ff990:   0000000000000000 00007ffe3b59e3e9
0x0000006e124ff9a0:   0000018b6d4100c0 0000000000000000
0x0000006e124ff9b0:   0000018b6d4100c0 0000000000000000
0x0000006e124ff9c0:   0000000000000000 00007ffe3b460d85
0x0000006e124ff9d0:   0000018b6d3f8e20 0000018b6d3f8e20 

Instructions: (pc=0x00007ffe3b418627)
0x00007ffe3b418527:   e8 27 00 48 8b 7c 24 50 4c 8b 64 24 58 48 8b 5c
0x00007ffe3b418537:   24 60 48 8b 6c 24 68 48 83 c4 30 41 5f 41 5e 5e
0x00007ffe3b418547:   c3 48 8b cb e8 90 fb b5 ff 0f b6 c0 4c 8d 0d 66
0x00007ffe3b418557:   b9 3a 00 41 b8 93 05 00 00 89 44 24 20 48 8d 15
0x00007ffe3b418567:   6d b9 3a 00 b9 00 00 00 e0 e8 8b 74 be ff cc 48
0x00007ffe3b418577:   8b cb e8 62 fb b5 ff 0f b6 c0 4c 8d 0d 38 b9 3a
0x00007ffe3b418587:   00 41 b8 11 07 00 00 89 44 24 20 48 8d 15 3f b9
0x00007ffe3b418597:   3a 00 b9 00 00 00 e0 e8 5d 74 be ff cc 48 8b cb
0x00007ffe3b4185a7:   e8 34 fb b5 ff 0f b6 c0 4c 8d 0d 0a b9 3a 00 41
0x00007ffe3b4185b7:   b8 93 05 00 00 89 44 24 20 48 8d 15 11 b9 3a 00
0x00007ffe3b4185c7:   b9 00 00 00 e0 e8 2f 74 be ff cc cc cc cc cc cc
0x00007ffe3b4185d7:   cc cc cc cc cc cc cc cc cc 48 89 5c 24 10 48 89
0x00007ffe3b4185e7:   6c 24 18 48 89 74 24 20 57 41 54 41 55 41 56 41
0x00007ffe3b4185f7:   57 48 83 ec 30 65 48 8b 04 25 58 00 00 00 44 0f
0x00007ffe3b418607:   b6 f2 44 8b 05 64 44 60 00 48 8b f1 4a 8b 1c c0
0x00007ffe3b418617:   b8 70 00 00 00 80 3c 18 00 75 05 e8 01 d4 27 00
0x00007ffe3b418627:   83 be 00 01 00 00 00 b8 20 00 00 00 48 8b 04 18
0x00007ffe3b418637:   48 8b a8 20 03 00 00 48 8b 7d 28 4c 8b 7d 10 4c
0x00007ffe3b418647:   8b 65 18 4c 8b 6d 20 48 89 7c 24 60 7e 65 48 8d
0x00007ffe3b418657:   8e 10 01 00 00 e8 1f 0d 00 00 48 8b f8 48 85 c0
0x00007ffe3b418667:   74 4c 0f 1f 80 00 00 00 00 48 8b 07 41 0f b6 d6
0x00007ffe3b418677:   48 8b cf ff 90 80 00 00 00 8b 5f 08 48 8b cf 48
0x00007ffe3b418687:   8b 07 2b de ff 10 8d 48 df 8d 0c cb 3b 8e 00 01
0x00007ffe3b418697:   00 00 7d 1a 48 63 c9 48 81 c1 10 01 00 00 48 03
0x00007ffe3b4186a7:   ce e8 d3 0c 00 00 48 8b f8 48 85 c0 75 bb 48 8b
0x00007ffe3b4186b7:   7c 24 60 48 63 86 04 01 00 00 83 f8 fe 74 35 48
0x00007ffe3b4186c7:   8d 88 10 01 00 00 48 03 ce e8 ab 0c 00 00 48 8b
0x00007ffe3b4186d7:   c8 48 8b d8 48 8b 10 ff 52 68 33 c9 84 c0 48 0f
0x00007ffe3b4186e7:   45 cb 48 85 c9 74 0d 48 8b 01 41 0f b6 d6 ff 90
0x00007ffe3b4186f7:   80 00 00 00 48 8d 05 be bb 3a 00 44 88 74 24 28
0x00007ffe3b418707:   48 8d 54 24 20 48 89 44 24 20 48 8b ce e8 67 fc
0x00007ffe3b418717:   ff ff 49 83 3f 00 74 13 48 8b d7 48 8b cd e8 66 


Stack slot to memory mapping:

stack at sp + 0 slots: 0x0000018b162e28c0 points into unknown readable memory: 0x0000000300000001 | 01 00 00 00 03 00 00 00
stack at sp + 1 slots: 0x00007ffe00000001 is an unknown value
stack at sp + 2 slots: 0x0 is null
stack at sp + 3 slots: 0x0000018b162e28c0 points into unknown readable memory: 0x0000000300000001 | 01 00 00 00 03 00 00 00
stack at sp + 4 slots: 0x00007ffe00000000 is an unknown value
stack at sp + 5 slots: 0x00007ffe3afa0a63 jvm.dll
stack at sp + 6 slots: 0x00000000000003d8 is an unknown value
stack at sp + 7 slots: 0x0000018b2976b1b8 is a pointer to class: 
net.bytebuddy.description.ByteCodeElement$Token$TokenList {0x0000018b2976b1c0}
 - instance size:     3
 - klass size:        227
 - access:            public synchronized 
 - flags:             rewritten has_nonstatic_fields should_verify_class has_nonstatic_concrete_methods has_localvariable_table has_miranda_methods 
 - state:             fully_initialized
 - name:              'net/bytebuddy/description/ByteCodeElement$Token$TokenList'
 - super:             'net/bytebuddy/matcher/FilterableList$AbstractBase'
 - sub:               
 - arrays:            null
 - methods:           Array<T>(0x0000018b6bae0dc8)
 - method ordering:   Array<T>(0x0000018b28afc148)
 - default_methods:   Array<T>(0x0000018b6bae1478)
 - default vtable indices:   Array<T>(0x0000018b6bae1500)
 - local interfaces:  Array<T>(0x0000018b285d6368)
 - trans. interfaces: Array<T>(0x0000018b6ad4f620)
 - constants:         constant pool [116] {0x0000018b6bae0980} for 'net/bytebuddy/description/ByteCodeElement$Token$TokenList' cache=0x0000018b6bae16a8
 - class loader data:  loader data: 0x0000018b27e46a00 for instance a 'jdk/internal/loader/ClassLoaders$AppClassLoader'{0x0000000082e6f030}
 - source file:       'ByteCodeElement.java'
 - class annotations:       Array<T>(0x0000000000000000)
 - class type annotations:  Array<T>(0x0000000000000000)
 - field annotations:       Array<T>(0x0000000000000000)
 - field type annotations:  Array<T>(0x0000000000000000)
 - generic signature: '<S::Lnet/bytebuddy/description/ByteCodeElement$Token<TS;>;>Lnet/bytebuddy/matcher/FilterableList$AbstractBase<TS;Lnet/bytebuddy/description/ByteCodeElement$Token$TokenList<TS;>;>;'
 - inner classes:     Array<T>(0x0000018b6bae1438)
 - nest members:     Array<T>(0x0000018b285d62f0)
 - permitted subclasses:     Array<T>(0x0000018b285d62f0)
 - java mirror:       a 'java/lang/Class'{0x000000008307ef18} = 'net/bytebuddy/description/ByteCodeElement$Token$TokenList'
 - vtable length      52  (start addr: 0x0000018b2976b380)
 - itable length      117 (start addr: 0x0000018b2976b520)
 - ---- static fields (0 words):
 - ---- non-static fields (2 words):
 - protected transient 'modCount' 'I' @12 
 - private final 'tokens' 'Ljava/util/List;' @16 
 - non-static oop maps: 16-16 


---------------  P R O C E S S  ---------------

Threads class SMR info:
_java_thread_list=0x0000018b6d83a8e0, length=30, elements={
0x0000018b27e31ab0, 0x0000018b27e36990, 0x0000018b27e37860, 0x0000018b27e39430,
0x0000018b27e39e90, 0x0000018b27e3a8f0, 0x0000018b27e3b350, 0x0000018b6d0be7e0,
0x0000018b6d0bee50, 0x0000018b6daf6280, 0x0000018b6e5d8a20, 0x0000018b6e63f030,
0x0000018b6e63f6a0, 0x0000018b6ec42a70, 0x0000018b6d606720, 0x0000018b6ec12710,
0x0000018b6ec12080, 0x0000018b6ec12da0, 0x0000018b6ec14150, 0x0000018b6ec147e0,
0x0000018b6ec13ac0, 0x0000018b6ec14e70, 0x0000018b6ec119f0, 0x0000018b6fcf9bd0,
0x0000018b6fcfa260, 0x0000018b6fcf6de0, 0x0000018b6fcf5a30, 0x0000018b6fcf9540,
0x0000018b6fcf32d0, 0x0000018b6fcf60c0
}

Java Threads: ( => current thread )
  0x0000018b27e31ab0 JavaThread "Reference Handler"          daemon [_thread_blocked, id=4268, stack(0x0000006e11a00000,0x0000006e11b00000) (1024K)]
  0x0000018b27e36990 JavaThread "Finalizer"                  daemon [_thread_blocked, id=8100, stack(0x0000006e11b00000,0x0000006e11c00000) (1024K)]
  0x0000018b27e37860 JavaThread "Signal Dispatcher"          daemon [_thread_blocked, id=19004, stack(0x0000006e11c00000,0x0000006e11d00000) (1024K)]
  0x0000018b27e39430 JavaThread "Attach Listener"            daemon [_thread_blocked, id=6816, stack(0x0000006e11d00000,0x0000006e11e00000) (1024K)]
  0x0000018b27e39e90 JavaThread "Service Thread"             daemon [_thread_blocked, id=15616, stack(0x0000006e11e00000,0x0000006e11f00000) (1024K)]
  0x0000018b27e3a8f0 JavaThread "Monitor Deflation Thread"   daemon [_thread_blocked, id=4252, stack(0x0000006e11f00000,0x0000006e12000000) (1024K)]
  0x0000018b27e3b350 JavaThread "C1 CompilerThread0"         daemon [_thread_blocked, id=14292, stack(0x0000006e12000000,0x0000006e12100000) (1024K)]
  0x0000018b6d0be7e0 JavaThread "Notification Thread"        daemon [_thread_blocked, id=19920, stack(0x0000006e12200000,0x0000006e12300000) (1024K)]
  0x0000018b6d0bee50 JavaThread "Common-Cleaner"             daemon [_thread_blocked, id=11400, stack(0x0000006e12300000,0x0000006e12400000) (1024K)]
  0x0000018b6daf6280 JavaThread "WindowsStreamPump"          daemon [_thread_blocked, id=15512, stack(0x0000006e12800000,0x0000006e12900000) (1024K)]
  0x0000018b6e5d8a20 JavaThread "Catalina-utility-1"                [_thread_blocked, id=6184, stack(0x0000006e12700000,0x0000006e12800000) (1024K)]
  0x0000018b6e63f030 JavaThread "Catalina-utility-2"                [_thread_blocked, id=16444, stack(0x0000006e12900000,0x0000006e12a00000) (1024K)]
  0x0000018b6e63f6a0 JavaThread "container-0"                       [_thread_blocked, id=18240, stack(0x0000006e12a00000,0x0000006e12b00000) (1024K)]
  0x0000018b6ec42a70 JavaThread "PostgreSQL-JDBC-Cleaner"    daemon [_thread_blocked, id=9164, stack(0x0000006e12c00000,0x0000006e12d00000) (1024K)]
  0x0000018b6d606720 JavaThread "HikariPool-1 housekeeper"   daemon [_thread_blocked, id=14568, stack(0x0000006e12d00000,0x0000006e12e00000) (1024K)]
  0x0000018b6ec12710 JavaThread "File Watcher"               daemon [_thread_blocked, id=14092, stack(0x0000006e12e00000,0x0000006e12f00000) (1024K)]
  0x0000018b6ec12080 JavaThread "Live Reload Server"         daemon [_thread_in_native, id=2940, stack(0x0000006e13000000,0x0000006e13100000) (1024K)]
  0x0000018b6ec12da0 JavaThread "http-nio-8080-exec-1"       daemon [_thread_blocked, id=3152, stack(0x0000006e12f00000,0x0000006e13000000) (1024K)]
  0x0000018b6ec14150 JavaThread "http-nio-8080-exec-2"       daemon [_thread_blocked, id=10348, stack(0x0000006e13100000,0x0000006e13200000) (1024K)]
  0x0000018b6ec147e0 JavaThread "http-nio-8080-exec-3"       daemon [_thread_blocked, id=16528, stack(0x0000006e13200000,0x0000006e13300000) (1024K)]
  0x0000018b6ec13ac0 JavaThread "http-nio-8080-exec-4"       daemon [_thread_blocked, id=8388, stack(0x0000006e13300000,0x0000006e13400000) (1024K)]
  0x0000018b6ec14e70 JavaThread "http-nio-8080-exec-5"       daemon [_thread_blocked, id=12804, stack(0x0000006e13400000,0x0000006e13500000) (1024K)]
  0x0000018b6ec119f0 JavaThread "http-nio-8080-exec-6"       daemon [_thread_blocked, id=15976, stack(0x0000006e13500000,0x0000006e13600000) (1024K)]
  0x0000018b6fcf9bd0 JavaThread "http-nio-8080-exec-7"       daemon [_thread_blocked, id=16824, stack(0x0000006e13600000,0x0000006e13700000) (1024K)]
  0x0000018b6fcfa260 JavaThread "http-nio-8080-exec-8"       daemon [_thread_blocked, id=12928, stack(0x0000006e13700000,0x0000006e13800000) (1024K)]
  0x0000018b6fcf6de0 JavaThread "http-nio-8080-exec-9"       daemon [_thread_blocked, id=14132, stack(0x0000006e13800000,0x0000006e13900000) (1024K)]
  0x0000018b6fcf5a30 JavaThread "http-nio-8080-exec-10"      daemon [_thread_blocked, id=16336, stack(0x0000006e13900000,0x0000006e13a00000) (1024K)]
  0x0000018b6fcf9540 JavaThread "http-nio-8080-Poller"       daemon [_thread_blocked, id=19332, stack(0x0000006e13a00000,0x0000006e13b00000) (1024K)]
  0x0000018b6fcf32d0 JavaThread "http-nio-8080-Acceptor"     daemon [_thread_in_native, id=8980, stack(0x0000006e13b00000,0x0000006e13c00000) (1024K)]
  0x0000018b6fcf60c0 JavaThread "DestroyJavaVM"                     [_thread_blocked, id=18312, stack(0x0000006e11200000,0x0000006e11300000) (1024K)]
Total: 30

Other Threads:
  0x0000018b27e176a0 VMThread "VM Thread"                           [id=12208, stack(0x0000006e11900000,0x0000006e11a00000) (1024K)]
  0x0000018b27dffc70 WatcherThread "VM Periodic Task Thread"        [id=6212, stack(0x0000006e11800000,0x0000006e11900000) (1024K)]
  0x0000018b184eb9e0 WorkerThread "GC Thread#0"                     [id=16204, stack(0x0000006e11300000,0x0000006e11400000) (1024K)]
=>0x0000018b6d4100c0 WorkerThread "GC Thread#1"                     [id=10460, stack(0x0000006e12400000,0x0000006e12500000) (1024K)]
  0x0000018b184fc690 ConcurrentGCThread "G1 Main Marker"            [id=15036, stack(0x0000006e11400000,0x0000006e11500000) (1024K)]
  0x0000018b184fd1a0 WorkerThread "G1 Conc#0"                       [id=16832, stack(0x0000006e11500000,0x0000006e11600000) (1024K)]
  0x0000018b27cc10b0 ConcurrentGCThread "G1 Refine#0"               [id=20396, stack(0x0000006e11600000,0x0000006e11700000) (1024K)]
  0x0000018b27cc5530 ConcurrentGCThread "G1 Service"                [id=14748, stack(0x0000006e11700000,0x0000006e11800000) (1024K)]
Total: 8

Threads with active compile tasks:
Total: 0

VM state: at safepoint (normal execution)

VM Mutex/Monitor currently owned by a thread:  ([mutex/lock_event])
[0x00007ffe3b9ecb80] Threads_lock - owner thread: 0x0000018b27e176a0
[0x00007ffe3b9ecc80] Heap_lock - owner thread: 0x0000018b184fc690

Heap address: 0x0000000081a00000, size: 2022 MB, Compressed Oops mode: 32-bit

CDS archive(s) mapped at: [0x0000018b28000000-0x0000018b28c60000-0x0000018b28c60000), size 12976128, SharedBaseAddress: 0x0000018b28000000, ArchiveRelocationMode: 1.
Compressed class space mapped at: 0x0000018b29000000-0x0000018b69000000, reserved size: 1073741824
Narrow klass base: 0x0000018b28000000, Narrow klass shift: 0, Narrow klass range: 0x41000000

GC Precious Log:
 CardTable entry size: 512
 Card Set container configuration: InlinePtr #cards 5 size 8 Array Of Cards #cards 12 size 40 Howl #buckets 4 coarsen threshold 1843 Howl Bitmap #cards 512 size 80 coarsen threshold 460 Card regions per heap region 1 cards per card region 2048
 CPUs: 2 total, 2 available
 Memory: 8084M
 Large Page Support: Disabled
 NUMA Support: Disabled
 Compressed Oops: Enabled (32-bit)
 Heap Region Size: 1M
 Heap Min Capacity: 8M
 Heap Initial Capacity: 128M
 Heap Max Capacity: 2022M
 Pre-touch: Disabled
 Parallel Workers: 2
 Concurrent Workers: 1
 Concurrent Refinement Workers: 2
 Periodic GC: Disabled

Heap:
 garbage-first heap   total reserved 2070528K, committed 51200K, used 25523K [0x0000000081a00000, 0x0000000100000000)
  region size 1024K, 3 young (3072K), 2 survivors (2048K)
 Metaspace       used 62646K, committed 63168K, reserved 1114112K
  class space    used 9227K, committed 9472K, reserved 1048576K

Heap Regions: E=young(eden), S=young(survivor), O=old, HS=humongous(starts), HC=humongous(continues), CS=collection set, F=free, TAMS=top-at-mark-start, PB=parsable bottom
|   0|0x0000000081a00000, 0x0000000081b00000, 0x0000000081b00000|100%|HS|  |TAMS 0x0000000081b00000| PB 0x0000000081a00000| Complete |  0
|   1|0x0000000081b00000, 0x0000000081b00000, 0x0000000081c00000|  0%| F|  |TAMS 0x0000000081b00000| PB 0x0000000081b00000| Untracked |  0
|   2|0x0000000081c00000, 0x0000000081d00000, 0x0000000081d00000|100%| O|  |TAMS 0x0000000081d00000| PB 0x0000000081c00000| Untracked |  0
|   3|0x0000000081d00000, 0x0000000081e00000, 0x0000000081e00000|100%| O|  |TAMS 0x0000000081e00000| PB 0x0000000081d00000| Untracked |  0
|   4|0x0000000081e00000, 0x0000000081f00000, 0x0000000081f00000|100%| O|  |TAMS 0x0000000081f00000| PB 0x0000000081e00000| Untracked |  0
|   5|0x0000000081f00000, 0x0000000082000000, 0x0000000082000000|100%| O|  |TAMS 0x0000000082000000| PB 0x0000000081f00000| Untracked |  0
|   6|0x0000000082000000, 0x0000000082100000, 0x0000000082100000|100%| O|  |TAMS 0x0000000082100000| PB 0x0000000082000000| Untracked |  0
|   7|0x0000000082100000, 0x0000000082200000, 0x0000000082200000|100%| O|  |TAMS 0x0000000082200000| PB 0x0000000082100000| Untracked |  0
|   8|0x0000000082200000, 0x0000000082300000, 0x0000000082300000|100%| O|  |TAMS 0x0000000082300000| PB 0x0000000082200000| Untracked |  0
|   9|0x0000000082300000, 0x0000000082400000, 0x0000000082400000|100%| O|  |TAMS 0x0000000082400000| PB 0x0000000082300000| Untracked |  0
|  10|0x0000000082400000, 0x0000000082500000, 0x0000000082500000|100%| O|  |TAMS 0x0000000082500000| PB 0x0000000082400000| Untracked |  0
|  11|0x0000000082500000, 0x0000000082600000, 0x0000000082600000|100%| O|  |TAMS 0x0000000082600000| PB 0x0000000082500000| Untracked |  0
|  12|0x0000000082600000, 0x0000000082700000, 0x0000000082700000|100%| O|  |TAMS 0x0000000082700000| PB 0x0000000082600000| Untracked |  0
|  13|0x0000000082700000, 0x0000000082800000, 0x0000000082800000|100%| O|  |TAMS 0x0000000082800000| PB 0x0000000082700000| Untracked |  0
|  14|0x0000000082800000, 0x0000000082900000, 0x0000000082900000|100%| O|  |TAMS 0x0000000082900000| PB 0x0000000082800000| Untracked |  0
|  15|0x0000000082900000, 0x0000000082a00000, 0x0000000082a00000|100%| O|  |TAMS 0x0000000082a00000| PB 0x0000000082900000| Untracked |  0
|  16|0x0000000082a00000, 0x0000000082b00000, 0x0000000082b00000|100%| O|  |TAMS 0x0000000082b00000| PB 0x0000000082a00000| Untracked |  0
|  17|0x0000000082b00000, 0x0000000082c00000, 0x0000000082c00000|100%| O|  |TAMS 0x0000000082c00000| PB 0x0000000082b00000| Untracked |  0
|  18|0x0000000082c00000, 0x0000000082d00000, 0x0000000082d00000|100%| O|  |TAMS 0x0000000082d00000| PB 0x0000000082c00000| Untracked |  0
|  19|0x0000000082d00000, 0x0000000082e00000, 0x0000000082e00000|100%| O|  |TAMS 0x0000000082e00000| PB 0x0000000082d00000| Untracked |  0
|  20|0x0000000082e00000, 0x0000000082f00000, 0x0000000082f00000|100%| O|  |TAMS 0x0000000082f00000| PB 0x0000000082e00000| Untracked |  0
|  21|0x0000000082f00000, 0x0000000083000000, 0x0000000083000000|100%| O|  |TAMS 0x0000000083000000| PB 0x0000000082f00000| Untracked |  0
|  22|0x0000000083000000, 0x0000000083100000, 0x0000000083100000|100%| O|  |TAMS 0x0000000083100000| PB 0x0000000083000000| Untracked |  0
|  23|0x0000000083100000, 0x0000000083125bf0, 0x0000000083200000| 14%| O|  |TAMS 0x0000000083125bf0| PB 0x0000000083100000| Untracked |  0
|  24|0x0000000083200000, 0x0000000083200000, 0x0000000083300000|  0%| F|  |TAMS 0x0000000083200000| PB 0x0000000083200000| Untracked |  0
|  25|0x0000000083300000, 0x00000000833c71b0, 0x0000000083400000| 77%| S|CS|TAMS 0x0000000083300000| PB 0x0000000083300000| Complete |  0
|  26|0x0000000083400000, 0x0000000083500000, 0x0000000083500000|100%| S|CS|TAMS 0x0000000083400000| PB 0x0000000083400000| Complete |  0
|  27|0x0000000083500000, 0x0000000083500000, 0x0000000083600000|  0%| F|  |TAMS 0x0000000083500000| PB 0x0000000083500000| Untracked |  0
|  28|0x0000000083600000, 0x0000000083600000, 0x0000000083700000|  0%| F|  |TAMS 0x0000000083600000| PB 0x0000000083600000| Untracked |  0
|  29|0x0000000083700000, 0x0000000083800000, 0x0000000083800000|100%| O|  |TAMS 0x0000000083800000| PB 0x0000000083700000| Untracked |  0
|  30|0x0000000083800000, 0x0000000083800000, 0x0000000083900000|  0%| F|  |TAMS 0x0000000083800000| PB 0x0000000083800000| Untracked |  0
|  31|0x0000000083900000, 0x0000000083900000, 0x0000000083a00000|  0%| F|  |TAMS 0x0000000083900000| PB 0x0000000083900000| Untracked |  0
|  32|0x0000000083a00000, 0x0000000083a00000, 0x0000000083b00000|  0%| F|  |TAMS 0x0000000083a00000| PB 0x0000000083a00000| Untracked |  0
|  33|0x0000000083b00000, 0x0000000083b00000, 0x0000000083c00000|  0%| F|  |TAMS 0x0000000083b00000| PB 0x0000000083b00000| Untracked |  0
|  34|0x0000000083c00000, 0x0000000083c00000, 0x0000000083d00000|  0%| F|  |TAMS 0x0000000083c00000| PB 0x0000000083c00000| Untracked |  0
|  35|0x0000000083d00000, 0x0000000083d00000, 0x0000000083e00000|  0%| F|  |TAMS 0x0000000083d00000| PB 0x0000000083d00000| Untracked |  0
|  36|0x0000000083e00000, 0x0000000083e00000, 0x0000000083f00000|  0%| F|  |TAMS 0x0000000083e00000| PB 0x0000000083e00000| Untracked |  0
|  37|0x0000000083f00000, 0x0000000083f00000, 0x0000000084000000|  0%| F|  |TAMS 0x0000000083f00000| PB 0x0000000083f00000| Untracked |  0
|  38|0x0000000084000000, 0x0000000084000000, 0x0000000084100000|  0%| F|  |TAMS 0x0000000084000000| PB 0x0000000084000000| Untracked |  0
|  39|0x0000000084100000, 0x0000000084100000, 0x0000000084200000|  0%| F|  |TAMS 0x0000000084100000| PB 0x0000000084100000| Untracked |  0
|  40|0x0000000084200000, 0x0000000084200000, 0x0000000084300000|  0%| F|  |TAMS 0x0000000084200000| PB 0x0000000084200000| Untracked |  0
|  41|0x0000000084300000, 0x0000000084300000, 0x0000000084400000|  0%| F|  |TAMS 0x0000000084300000| PB 0x0000000084300000| Untracked |  0
|  42|0x0000000084400000, 0x0000000084400000, 0x0000000084500000|  0%| F|  |TAMS 0x0000000084400000| PB 0x0000000084400000| Untracked |  0
|  43|0x0000000084500000, 0x0000000084500000, 0x0000000084600000|  0%| F|  |TAMS 0x0000000084500000| PB 0x0000000084500000| Untracked |  0
|  44|0x0000000084600000, 0x0000000084600000, 0x0000000084700000|  0%| F|  |TAMS 0x0000000084600000| PB 0x0000000084600000| Untracked |  0
|  94|0x0000000087800000, 0x0000000087800000, 0x0000000087900000|  0%| F|  |TAMS 0x0000000087800000| PB 0x0000000087800000| Untracked |  0
|  95|0x0000000087900000, 0x0000000087900000, 0x0000000087a00000|  0%| F|  |TAMS 0x0000000087900000| PB 0x0000000087900000| Untracked |  0
|  96|0x0000000087a00000, 0x0000000087a00000, 0x0000000087b00000|  0%| F|  |TAMS 0x0000000087a00000| PB 0x0000000087a00000| Untracked |  0
|  97|0x0000000087b00000, 0x0000000087b00000, 0x0000000087c00000|  0%| F|  |TAMS 0x0000000087b00000| PB 0x0000000087b00000| Untracked |  0
| 127|0x0000000089900000, 0x0000000089948a40, 0x0000000089a00000| 28%| E|  |TAMS 0x0000000089900000| PB 0x0000000089900000| Complete |  0

Card table byte_map: [0x0000018b237f0000,0x0000018b23bf0000] _byte_map_base: 0x0000018b233e3000

Marking Bits: (CMBitMap*) 0x0000018b184ec0f0
 Bits: [0x0000018b23bf0000, 0x0000018b25b88000)

Polling page: 0x0000018b162a0000

Metaspace:

Usage:
  Non-class:     52.17 MB used.
      Class:      9.01 MB used.
       Both:     61.18 MB used.

Virtual space:
  Non-class space:       64.00 MB reserved,      52.44 MB ( 82%) committed,  1 nodes.
      Class space:        1.00 GB reserved,       9.25 MB ( <1%) committed,  1 nodes.
             Both:        1.06 GB reserved,      61.69 MB (  6%) committed. 

Chunk freelists:
   Non-Class:  11.25 MB
       Class:  6.77 MB
        Both:  18.02 MB

MaxMetaspaceSize: unlimited
CompressedClassSpaceSize: 1.00 GB
Initial GC threshold: 21.00 MB
Current GC threshold: 99.62 MB
CDS: on
 - commit_granule_bytes: 65536.
 - commit_granule_words: 8192.
 - virtual_space_node_default_size: 8388608.
 - enlarge_chunks_in_place: 1.
 - use_allocation_guard: 0.


Internal statistics:

num_allocs_failed_limit: 9.
num_arena_births: 1012.
num_arena_deaths: 332.
num_vsnodes_births: 2.
num_vsnodes_deaths: 0.
num_space_committed: 987.
num_space_uncommitted: 0.
num_chunks_returned_to_freelist: 397.
num_chunks_taken_from_freelist: 3600.
num_chunk_merges: 86.
num_chunk_splits: 2360.
num_chunks_enlarged: 1801.
num_inconsistent_stats: 0.

CodeCache: size=49152Kb used=6424Kb max_used=10397Kb free=42727Kb
 bounds [0x0000018b207f0000, 0x0000018b212a0000, 0x0000018b237f0000]
 total_blobs=3641 nmethods=2935 adapters=631
 compilation: enabled
              stopped_count=0, restarted_count=0
 full_count=0

Compilation events (20 events):
Event: 71904.116 Thread 0x0000018b27e3b350 7298   !   1       org.apache.catalina.connector.Request::notifyAttributeAssigned (224 bytes)
Event: 71904.126 Thread 0x0000018b27e3b350 nmethod 7298 0x0000018b20b5dd10 code [0x0000018b20b5dfe0, 0x0000018b20b5ea30]
Event: 71904.126 Thread 0x0000018b27e3b350 7306       1       org.springframework.core.MethodParameter::getGenericParameterType (147 bytes)
Event: 71904.127 Thread 0x0000018b6f67f060 7307  s    1       java.lang.StringBuffer::length (5 bytes)
Event: 71904.127 Thread 0x0000018b6f67f060 nmethod 7307 0x0000018b20b5d990 code [0x0000018b20b5db20, 0x0000018b20b5dca8]
Event: 71904.127 Thread 0x0000018b6f67f060 7301       1       java.lang.Integer::compare (20 bytes)
Event: 71904.127 Thread 0x0000018b6f67f060 nmethod 7301 0x0000018b20b5d690 code [0x0000018b20b5d820, 0x0000018b20b5d910]
Event: 71904.127 Thread 0x0000018b6f67f060 7300       1       java.util.TreeSet::iterator (15 bytes)
Event: 71904.127 Thread 0x0000018b6f67f060 nmethod 7300 0x0000018b20b5d310 code [0x0000018b20b5d4c0, 0x0000018b20b5d5e8]
Event: 71904.127 Thread 0x0000018b6f67f060 7304       1       org.springframework.core.ResolvableType::<init> (39 bytes)
Event: 71904.127 Thread 0x0000018b6f67f060 nmethod 7304 0x0000018b20b5cd90 code [0x0000018b20b5cf40, 0x0000018b20b5d228]
Event: 71904.127 Thread 0x0000018b6f67f060 7302       1       java.util.RegularEnumSet$EnumSetIterator::next (60 bytes)
Event: 71904.127 Thread 0x0000018b6f67f060 nmethod 7302 0x0000018b20b5c810 code [0x0000018b20b5c9e0, 0x0000018b20b5cc08]
Event: 71904.127 Thread 0x0000018b6f67f060 7303       1       java.lang.Long::numberOfTrailingZeros (26 bytes)
Event: 71904.128 Thread 0x0000018b6f67f060 nmethod 7303 0x0000018b20b5c490 code [0x0000018b20b5c640, 0x0000018b20b5c750]
Event: 71904.128 Thread 0x0000018b6f67f060 7305       1       java.lang.reflect.Method::getGenericSignature (5 bytes)
Event: 71904.128 Thread 0x0000018b6f67f060 nmethod 7305 0x0000018b20b5c190 code [0x0000018b20b5c320, 0x0000018b20b5c3e8]
Event: 71904.128 Thread 0x0000018b6f67f060 7299       1       org.apache.catalina.core.ApplicationHttpRequest::getAttribute (105 bytes)
Event: 71904.128 Thread 0x0000018b6f67f060 nmethod 7299 0x0000018b20be9810 code [0x0000018b20be9a20, 0x0000018b20be9d90]
Event: 71904.139 Thread 0x0000018b27e3b350 nmethod 7306 0x0000018b20be8810 code [0x0000018b20be8a80, 0x0000018b20be93f0]

GC Heap History (20 events):
Event: 61243.798 GC heap before
{Heap before GC invocations=85 (full 0):
 garbage-first heap   total reserved 2070528K, committed 51200K, used 45769K [0x0000000081a00000, 0x0000000100000000)
  region size 1024K, 22 young (22528K), 1 survivors (1024K)
 Metaspace       used 60325K, committed 61184K, reserved 1114112K
  class space    used 8875K, committed 9216K, reserved 1048576K
}
Event: 61243.801 GC heap after
{Heap after GC invocations=86 (full 0):
 garbage-first heap   total reserved 2070528K, committed 51200K, used 24274K [0x0000000081a00000, 0x0000000100000000)
  region size 1024K, 1 young (1024K), 1 survivors (1024K)
 Metaspace       used 60325K, committed 61184K, reserved 1114112K
  class space    used 8875K, committed 9216K, reserved 1048576K
}
Event: 62417.309 GC heap before
{Heap before GC invocations=86 (full 0):
 garbage-first heap   total reserved 2070528K, committed 51200K, used 45778K [0x0000000081a00000, 0x0000000100000000)
  region size 1024K, 22 young (22528K), 1 survivors (1024K)
 Metaspace       used 60325K, committed 61184K, reserved 1114112K
  class space    used 8875K, committed 9216K, reserved 1048576K
}
Event: 62417.311 GC heap after
{Heap after GC invocations=87 (full 0):
 garbage-first heap   total reserved 2070528K, committed 51200K, used 24228K [0x0000000081a00000, 0x0000000100000000)
  region size 1024K, 1 young (1024K), 1 survivors (1024K)
 Metaspace       used 60325K, committed 61184K, reserved 1114112K
  class space    used 8875K, committed 9216K, reserved 1048576K
}
Event: 63836.974 GC heap before
{Heap before GC invocations=88 (full 0):
 garbage-first heap   total reserved 2070528K, committed 51200K, used 45732K [0x0000000081a00000, 0x0000000100000000)
  region size 1024K, 22 young (22528K), 1 survivors (1024K)
 Metaspace       used 60325K, committed 61184K, reserved 1114112K
  class space    used 8875K, committed 9216K, reserved 1048576K
}
Event: 63836.978 GC heap after
{Heap after GC invocations=89 (full 0):
 garbage-first heap   total reserved 2070528K, committed 51200K, used 24233K [0x0000000081a00000, 0x0000000100000000)
  region size 1024K, 1 young (1024K), 1 survivors (1024K)
 Metaspace       used 60325K, committed 61184K, reserved 1114112K
  class space    used 8875K, committed 9216K, reserved 1048576K
}
Event: 65003.762 GC heap before
{Heap before GC invocations=89 (full 0):
 garbage-first heap   total reserved 2070528K, committed 51200K, used 45737K [0x0000000081a00000, 0x0000000100000000)
  region size 1024K, 22 young (22528K), 1 survivors (1024K)
 Metaspace       used 60327K, committed 61184K, reserved 1114112K
  class space    used 8876K, committed 9216K, reserved 1048576K
}
Event: 65003.777 GC heap after
{Heap after GC invocations=90 (full 0):
 garbage-first heap   total reserved 2070528K, committed 51200K, used 24310K [0x0000000081a00000, 0x0000000100000000)
  region size 1024K, 1 young (1024K), 1 survivors (1024K)
 Metaspace       used 60327K, committed 61184K, reserved 1114112K
  class space    used 8876K, committed 9216K, reserved 1048576K
}
Event: 66175.635 GC heap before
{Heap before GC invocations=91 (full 0):
 garbage-first heap   total reserved 2070528K, committed 51200K, used 45814K [0x0000000081a00000, 0x0000000100000000)
  region size 1024K, 22 young (22528K), 1 survivors (1024K)
 Metaspace       used 60327K, committed 61184K, reserved 1114112K
  class space    used 8876K, committed 9216K, reserved 1048576K
}
Event: 66175.638 GC heap after
{Heap after GC invocations=92 (full 0):
 garbage-first heap   total reserved 2070528K, committed 51200K, used 24231K [0x0000000081a00000, 0x0000000100000000)
  region size 1024K, 1 young (1024K), 1 survivors (1024K)
 Metaspace       used 60327K, committed 61184K, reserved 1114112K
  class space    used 8876K, committed 9216K, reserved 1048576K
}
Event: 67544.009 GC heap before
{Heap before GC invocations=92 (full 0):
 garbage-first heap   total reserved 2070528K, committed 51200K, used 45735K [0x0000000081a00000, 0x0000000100000000)
  region size 1024K, 22 young (22528K), 1 survivors (1024K)
 Metaspace       used 60327K, committed 61184K, reserved 1114112K
  class space    used 8876K, committed 9216K, reserved 1048576K
}
Event: 67544.542 GC heap after
{Heap after GC invocations=93 (full 0):
 garbage-first heap   total reserved 2070528K, committed 51200K, used 24269K [0x0000000081a00000, 0x0000000100000000)
  region size 1024K, 1 young (1024K), 1 survivors (1024K)
 Metaspace       used 60327K, committed 61184K, reserved 1114112K
  class space    used 8876K, committed 9216K, reserved 1048576K
}
Event: 68877.787 GC heap before
{Heap before GC invocations=94 (full 0):
 garbage-first heap   total reserved 2070528K, committed 51200K, used 45773K [0x0000000081a00000, 0x0000000100000000)
  region size 1024K, 22 young (22528K), 1 survivors (1024K)
 Metaspace       used 60327K, committed 61184K, reserved 1114112K
  class space    used 8876K, committed 9216K, reserved 1048576K
}
Event: 68877.822 GC heap after
{Heap after GC invocations=95 (full 0):
 garbage-first heap   total reserved 2070528K, committed 51200K, used 24223K [0x0000000081a00000, 0x0000000100000000)
  region size 1024K, 1 young (1024K), 1 survivors (1024K)
 Metaspace       used 60327K, committed 61184K, reserved 1114112K
  class space    used 8876K, committed 9216K, reserved 1048576K
}
Event: 70085.799 GC heap before
{Heap before GC invocations=95 (full 0):
 garbage-first heap   total reserved 2070528K, committed 51200K, used 45727K [0x0000000081a00000, 0x0000000100000000)
  region size 1024K, 22 young (22528K), 1 survivors (1024K)
 Metaspace       used 60327K, committed 61184K, reserved 1114112K
  class space    used 8876K, committed 9216K, reserved 1048576K
}
Event: 70085.841 GC heap after
{Heap after GC invocations=96 (full 0):
 garbage-first heap   total reserved 2070528K, committed 51200K, used 24267K [0x0000000081a00000, 0x0000000100000000)
  region size 1024K, 1 young (1024K), 1 survivors (1024K)
 Metaspace       used 60327K, committed 61184K, reserved 1114112K
  class space    used 8876K, committed 9216K, reserved 1048576K
}
Event: 71271.679 GC heap before
{Heap before GC invocations=97 (full 0):
 garbage-first heap   total reserved 2070528K, committed 51200K, used 45771K [0x0000000081a00000, 0x0000000100000000)
  region size 1024K, 22 young (22528K), 1 survivors (1024K)
 Metaspace       used 60327K, committed 61184K, reserved 1114112K
  class space    used 8876K, committed 9216K, reserved 1048576K
}
Event: 71271.769 GC heap after
{Heap after GC invocations=98 (full 0):
 garbage-first heap   total reserved 2070528K, committed 51200K, used 24289K [0x0000000081a00000, 0x0000000100000000)
  region size 1024K, 1 young (1024K), 1 survivors (1024K)
 Metaspace       used 60327K, committed 61184K, reserved 1114112K
  class space    used 8876K, committed 9216K, reserved 1048576K
}
Event: 71951.991 GC heap before
{Heap before GC invocations=98 (full 0):
 garbage-first heap   total reserved 2070528K, committed 51200K, used 44769K [0x0000000081a00000, 0x0000000100000000)
  region size 1024K, 22 young (22528K), 1 survivors (1024K)
 Metaspace       used 62646K, committed 63168K, reserved 1114112K
  class space    used 9227K, committed 9472K, reserved 1048576K
}
Event: 71952.109 GC heap after
{Heap after GC invocations=99 (full 0):
 garbage-first heap   total reserved 2070528K, committed 51200K, used 25523K [0x0000000081a00000, 0x0000000100000000)
  region size 1024K, 2 young (2048K), 2 survivors (2048K)
 Metaspace       used 62646K, committed 63168K, reserved 1114112K
  class space    used 9227K, committed 9472K, reserved 1048576K
}

Dll operation events (11 events):
Event: 0.013 Loaded shared library C:\Program Files\Java\jdk-22\bin\java.dll
Event: 0.164 Loaded shared library C:\Program Files\Java\jdk-22\bin\net.dll
Event: 0.166 Loaded shared library C:\Program Files\Java\jdk-22\bin\nio.dll
Event: 0.177 Loaded shared library C:\Program Files\Java\jdk-22\bin\zip.dll
Event: 0.365 Loaded shared library C:\Program Files\Java\jdk-22\bin\jimage.dll
Event: 1.944 Loaded shared library C:\Program Files\Java\jdk-22\bin\management.dll
Event: 2.043 Loaded shared library C:\Program Files\Java\jdk-22\bin\management_ext.dll
Event: 4.482 Loaded shared library C:\Program Files\Java\jdk-22\bin\le.dll
Event: 9.443 Loaded shared library C:\Program Files\Java\jdk-22\bin\sunmscapi.dll
Event: 16.910 Loaded shared library C:\Program Files\Java\jdk-22\bin\verify.dll
Event: 18.624 Loaded shared library C:\Program Files\Java\jdk-22\bin\extnet.dll

Deoptimization events (4 events):
Event: 34.323 Thread 0x0000018b6d882700 DEOPT PACKING pc=0x0000018b20ccde94 sp=0x0000006e126fcd60
Event: 34.323 Thread 0x0000018b6d882700 DEOPT UNPACKING pc=0x0000018b20844e23 sp=0x0000006e126fc2b8 mode 0
Event: 34.563 Thread 0x0000018b6d882700 DEOPT PACKING pc=0x0000018b20cfcab9 sp=0x0000006e126fdc80
Event: 34.563 Thread 0x0000018b6d882700 DEOPT UNPACKING pc=0x0000018b20844e23 sp=0x0000006e126fd188 mode 3

Classes loaded (20 events):
Event: 71528.774 Loading class java/time/format/DateTimeFormatterBuilder$ReducedPrinterParser
Event: 71528.774 Loading class java/time/format/DateTimeFormatterBuilder$ReducedPrinterParser done
Event: 71529.051 Loading class java/util/stream/ReferencePipeline$4
Event: 71529.060 Loading class java/util/stream/ReferencePipeline$4 done
Event: 71529.075 Loading class java/util/function/IntBinaryOperator
Event: 71529.089 Loading class java/util/function/IntBinaryOperator done
Event: 71529.102 Loading class java/util/stream/ReduceOps$7
Event: 71529.103 Loading class java/util/stream/ReduceOps$7 done
Event: 71529.103 Loading class java/util/stream/ReduceOps$6ReducingSink
Event: 71529.103 Loading class java/util/stream/ReduceOps$6ReducingSink done
Event: 71529.103 Loading class java/util/stream/ReferencePipeline$4$1
Event: 71529.103 Loading class java/util/stream/ReferencePipeline$4$1 done
Event: 71529.864 Loading class java/lang/Throwable$WrappedPrintWriter
Event: 71529.878 Loading class java/lang/Throwable$PrintStreamOrWriter
Event: 71529.878 Loading class java/lang/Throwable$PrintStreamOrWriter done
Event: 71529.878 Loading class java/lang/Throwable$WrappedPrintWriter done
Event: 71531.327 Loading class java/util/stream/LongStream
Event: 71531.341 Loading class java/util/stream/LongStream done
Event: 71531.341 Loading class java/util/stream/DoubleStream
Event: 71531.348 Loading class java/util/stream/DoubleStream done

Classes unloaded (20 events):
Event: 2383.179 Thread 0x0000018b27e176a0 Unloading class 0x0000018b29095400 'java/lang/invoke/LambdaForm$MH+0x0000018b29095400'
Event: 2383.179 Thread 0x0000018b27e176a0 Unloading class 0x0000018b29088c00 'java/lang/invoke/LambdaForm$MH+0x0000018b29088c00'
Event: 2383.179 Thread 0x0000018b27e176a0 Unloading class 0x0000018b2903e400 'java/lang/invoke/LambdaForm$MH+0x0000018b2903e400'
Event: 2383.179 Thread 0x0000018b27e176a0 Unloading class 0x0000018b2903d400 'java/lang/invoke/LambdaForm$MH+0x0000018b2903d400'
Event: 2383.179 Thread 0x0000018b27e176a0 Unloading class 0x0000018b2903d000 'java/lang/invoke/LambdaForm$MH+0x0000018b2903d000'
Event: 2383.179 Thread 0x0000018b27e176a0 Unloading class 0x0000018b2903c800 'java/lang/invoke/LambdaForm$MH+0x0000018b2903c800'
Event: 2383.179 Thread 0x0000018b27e176a0 Unloading class 0x0000018b2903c000 'java/lang/invoke/LambdaForm$MH+0x0000018b2903c000'
Event: 2383.179 Thread 0x0000018b27e176a0 Unloading class 0x0000018b2901b400 'java/lang/invoke/LambdaForm$MH+0x0000018b2901b400'
Event: 2383.179 Thread 0x0000018b27e176a0 Unloading class 0x0000018b2901ac00 'java/lang/invoke/LambdaForm$MH+0x0000018b2901ac00'
Event: 2383.179 Thread 0x0000018b27e176a0 Unloading class 0x0000018b2901a400 'java/lang/invoke/LambdaForm$MH+0x0000018b2901a400'
Event: 2383.179 Thread 0x0000018b27e176a0 Unloading class 0x0000018b2901a000 'java/lang/invoke/LambdaForm$MH+0x0000018b2901a000'
Event: 2383.179 Thread 0x0000018b27e176a0 Unloading class 0x0000018b29008c00 'java/lang/invoke/LambdaForm$MH+0x0000018b29008c00'
Event: 23715.689 Thread 0x0000018b27e176a0 Unloading class 0x0000018b298b1000 'java/lang/invoke/LambdaForm$MH+0x0000018b298b1000'
Event: 27496.893 Thread 0x0000018b27e176a0 Unloading class 0x0000018b298a2c00 'java/lang/invoke/LambdaForm$MH+0x0000018b298a2c00'
Event: 31273.847 Thread 0x0000018b27e176a0 Unloading class 0x0000018b298a0800 'java/lang/invoke/LambdaForm$MH+0x0000018b298a0800'
Event: 35063.318 Thread 0x0000018b27e176a0 Unloading class 0x0000018b298a0400 'java/lang/invoke/LambdaForm$MH+0x0000018b298a0400'
Event: 38865.846 Thread 0x0000018b27e176a0 Unloading class 0x0000018b29874000 'java/lang/invoke/LambdaForm$MH+0x0000018b29874000'
Event: 52551.153 Thread 0x0000018b27e176a0 Unloading class 0x0000018b298a2c00 'java/lang/invoke/LambdaForm$MH+0x0000018b298a2c00'
Event: 60067.881 Thread 0x0000018b27e176a0 Unloading class 0x0000018b29874000 'java/lang/invoke/LambdaForm$MH+0x0000018b29874000'
Event: 71952.179 Thread 0x0000018b27e176a0 Unloading class 0x0000018b298a0400 'java/lang/invoke/LambdaForm$MH+0x0000018b298a0400'

Classes redefined (0 events):
No events

Internal exceptions (20 events):
Event: 29.850 Thread 0x0000018b6d882700 Exception <a 'java/lang/NoSuchMethodError'{0x00000000899de2c0}: 'java.lang.Object java.lang.invoke.DirectMethodHandle$Holder.invokeSpecial(java.lang.Object, java.lang.Object, java.lang.Object, java.lang.Object, java.lang.Object, java.lang.Object, java.lang.Object, java.lang.Object, int)'> (0x00000000899de2c0) 
thrown [s\open\src\hotspot\share\interpreter\linkResolver.cpp, line 774]
Event: 29.850 Thread 0x0000018b6d882700 Exception <a 'java/lang/NoSuchMethodError'{0x00000000899e22e8}: 'java.lang.Object java.lang.invoke.Invokers$Holder.linkToTargetMethod(java.lang.Object, java.lang.Object, java.lang.Object, java.lang.Object, java.lang.Object, java.lang.Object, int, java.lang.Object)'> (0x00000000899e22e8) 
thrown [s\open\src\hotspot\share\interpreter\linkResolver.cpp, line 774]
Event: 29.932 Thread 0x0000018b6d882700 Exception <a 'java/lang/NoSuchMethodError'{0x0000000087bd2bb8}: 'java.lang.Object java.lang.invoke.DirectMethodHandle$Holder.newInvokeSpecial(java.lang.Object, java.lang.Object, int, java.lang.Object, int, java.lang.Object, java.lang.Object)'> (0x0000000087bd2bb8) 
thrown [s\open\src\hotspot\share\interpreter\linkResolver.cpp, line 774]
Event: 29.948 Thread 0x0000018b6d882700 Exception <a 'java/lang/NoSuchMethodError'{0x0000000087a02a98}: 'void java.lang.invoke.DirectMethodHandle$Holder.invokeInterface(java.lang.Object, java.lang.Object)'> (0x0000000087a02a98) 
thrown [s\open\src\hotspot\share\interpreter\linkResolver.cpp, line 774]
Event: 33.612 Thread 0x0000018b6d882700 Exception <a 'java/lang/NoSuchMethodError'{0x0000000084595008}: 'void java.lang.invoke.Invokers$Holder.invokeExact_MT(java.lang.Object, java.lang.Object, java.lang.Object, java.lang.Object)'> (0x0000000084595008) 
thrown [s\open\src\hotspot\share\interpreter\linkResolver.cpp, line 774]
Event: 33.882 Thread 0x0000018b6d882700 Exception <a 'java/lang/IncompatibleClassChangeError'{0x00000000841488c0}: Found class java.lang.Object, but interface was expected> (0x00000000841488c0) 
thrown [s\open\src\hotspot\share\interpreter\linkResolver.cpp, line 841]
Event: 33.965 Thread 0x0000018b6d882700 Exception <a 'java/lang/IncompatibleClassChangeError'{0x00000000841c5518}: Found class java.lang.Object, but interface was expected> (0x00000000841c5518) 
thrown [s\open\src\hotspot\share\interpreter\linkResolver.cpp, line 841]
Event: 34.128 Thread 0x0000018b6d882700 Exception <a 'java/lang/IncompatibleClassChangeError'{0x0000000083f28b20}: Found class java.lang.Object, but interface was expected> (0x0000000083f28b20) 
thrown [s\open\src\hotspot\share\interpreter\linkResolver.cpp, line 841]
Event: 34.446 Thread 0x0000018b6d882700 Exception <a 'java/lang/IncompatibleClassChangeError'{0x00000000839b0178}: Found class java.lang.Object, but interface was expected> (0x00000000839b0178) 
thrown [s\open\src\hotspot\share\interpreter\linkResolver.cpp, line 841]
Event: 34.594 Thread 0x0000018b6d882700 Exception <a 'java/lang/NoSuchMethodError'{0x0000000087a1a9a0}: 'java.lang.Object java.lang.invoke.DirectMethodHandle$Holder.invokeInterface(java.lang.Object, java.lang.Object, java.lang.Object, java.lang.Object)'> (0x0000000087a1a9a0) 
thrown [s\open\src\hotspot\share\interpreter\linkResolver.cpp, line 774]
Event: 34.691 Thread 0x0000018b6d882700 Exception <a 'java/lang/NoSuchMethodError'{0x00000000878273c8}: 'java.lang.Object java.lang.invoke.DirectMethodHandle$Holder.newInvokeSpecial(java.lang.Object, java.lang.Object, java.lang.Object, java.lang.Object, java.lang.Object, java.lang.Object, java.lang.Object, java.lang.Object)'> (0x00000000878273c8) 
thrown [s\open\src\hotspot\share\interpreter\linkResolver.cpp, line 774]
Event: 35.139 Thread 0x0000018b6d882700 Exception <a 'java/lang/IncompatibleClassChangeError'{0x0000000083c2fba8}: Found class java.lang.Object, but interface was expected> (0x0000000083c2fba8) 
thrown [s\open\src\hotspot\share\interpreter\linkResolver.cpp, line 841]
Event: 35.282 Thread 0x0000018b6d882700 Exception <a 'java/lang/NoSuchMethodError'{0x0000000087b9ff50}: 'void java.lang.invoke.DirectMethodHandle$Holder.invokeVirtual(java.lang.Object, java.lang.Object, long)'> (0x0000000087b9ff50) 
thrown [s\open\src\hotspot\share\interpreter\linkResolver.cpp, line 774]
Event: 35.381 Thread 0x0000018b6d882700 Exception <a 'java/lang/IncompatibleClassChangeError'{0x0000000084507600}: Found class java.lang.Object, but interface was expected> (0x0000000084507600) 
thrown [s\open\src\hotspot\share\interpreter\linkResolver.cpp, line 841]
Event: 35.618 Thread 0x0000018b6d882700 Exception <a 'java/lang/NoSuchMethodError'{0x00000000840320c0}: 'java.lang.Object java.lang.invoke.DirectMethodHandle$Holder.newInvokeSpecial(java.lang.Object, java.lang.Object, int, java.lang.Object, java.lang.Object)'> (0x00000000840320c0) 
thrown [s\open\src\hotspot\share\interpreter\linkResolver.cpp, line 774]
Event: 71519.654 Thread 0x0000018b6ec147e0 Exception <a 'java/lang/NoSuchMethodError'{0x0000000084691a28}: 'java.lang.Object java.lang.invoke.DirectMethodHandle$Holder.invokeSpecial(java.lang.Object, java.lang.Object, java.lang.Object, java.lang.Object, java.lang.Object, long)'> (0x0000000084691a28) 
thrown [s\open\src\hotspot\share\interpreter\linkResolver.cpp, line 774]
Event: 71519.683 Thread 0x0000018b6ec147e0 Exception <a 'java/lang/NoSuchMethodError'{0x00000000846951f8}: 'java.lang.Object java.lang.invoke.Invokers$Holder.linkToTargetMethod(java.lang.Object, java.lang.Object, java.lang.Object, long, java.lang.Object)'> (0x00000000846951f8) 
thrown [s\open\src\hotspot\share\interpreter\linkResolver.cpp, line 774]
Event: 71526.792 Thread 0x0000018b6ec13ac0 Exception <a 'java/lang/NoSuchMethodError'{0x0000000084387ef0}: 'java.lang.Object java.lang.invoke.DirectMethodHandle$Holder.invokeStatic(java.lang.Object, int, int)'> (0x0000000084387ef0) 
thrown [s\open\src\hotspot\share\interpreter\linkResolver.cpp, line 774]
Event: 71532.009 Thread 0x0000018b6ec147e0 Exception <a 'java/io/IOException'{0x0000000083d758b0}> (0x0000000083d758b0) 
thrown [s\open\src\hotspot\share\prims\jni.cpp, line 520]
Event: 71532.011 Thread 0x0000018b6ec14150 Exception <a 'java/io/IOException'{0x0000000083d329e0}> (0x0000000083d329e0) 
thrown [s\open\src\hotspot\share\prims\jni.cpp, line 520]

ZGC Phase Switch (0 events):
No events

VM Operations (20 events):
Event: 71526.525 Executing VM operation: Cleanup done
Event: 71528.539 Executing VM operation: Cleanup
Event: 71528.554 Executing VM operation: Cleanup done
Event: 71529.569 Executing VM operation: Cleanup
Event: 71529.569 Executing VM operation: Cleanup done
Event: 71530.581 Executing VM operation: Cleanup
Event: 71530.581 Executing VM operation: Cleanup done
Event: 71531.384 Executing VM operation: HandshakeAllThreads (Deoptimize)
Event: 71531.384 Executing VM operation: HandshakeAllThreads (Deoptimize) done
Event: 71532.384 Executing VM operation: Cleanup
Event: 71532.384 Executing VM operation: Cleanup done
Event: 71579.702 Executing VM operation: HandshakeAllThreads (HandshakeForDeflation)
Event: 71579.702 Executing VM operation: HandshakeAllThreads (HandshakeForDeflation) done
Event: 71579.702 Executing VM operation: RendezvousGCThreads
Event: 71579.702 Executing VM operation: RendezvousGCThreads done
Event: 71904.738 Executing VM operation: Cleanup
Event: 71904.738 Executing VM operation: Cleanup done
Event: 71951.991 Executing VM operation: G1CollectForAllocation (G1 Evacuation Pause)
Event: 71952.120 Executing VM operation: G1CollectForAllocation (G1 Evacuation Pause) done
Event: 71952.178 Executing VM operation: G1PauseRemark

Memory protections (0 events):
No events

Nmethod flushes (20 events):
Event: 46261.841 Thread 0x0000018b27e176a0 flushing  nmethod 0x0000018b20ad4d10
Event: 46261.841 Thread 0x0000018b27e176a0 flushing  nmethod 0x0000018b20b1c910
Event: 46261.841 Thread 0x0000018b27e176a0 flushing  nmethod 0x0000018b20b38790
Event: 46261.841 Thread 0x0000018b27e176a0 flushing  nmethod 0x0000018b20b76b10
Event: 46261.841 Thread 0x0000018b27e176a0 flushing  nmethod 0x0000018b20be2710
Event: 46261.841 Thread 0x0000018b27e176a0 flushing  nmethod 0x0000018b20c82e90
Event: 46261.841 Thread 0x0000018b27e176a0 flushing  nmethod 0x0000018b20cad490
Event: 46261.841 Thread 0x0000018b27e176a0 flushing  nmethod 0x0000018b20cc7210
Event: 46261.841 Thread 0x0000018b27e176a0 flushing  nmethod 0x0000018b20d35690
Event: 46261.841 Thread 0x0000018b27e176a0 flushing  nmethod 0x0000018b20db1190
Event: 46261.841 Thread 0x0000018b27e176a0 flushing  nmethod 0x0000018b20dc9910
Event: 46261.841 Thread 0x0000018b27e176a0 flushing  nmethod 0x0000018b20ee4c10
Event: 46261.841 Thread 0x0000018b27e176a0 flushing  nmethod 0x0000018b21009390
Event: 46261.841 Thread 0x0000018b27e176a0 flushing  nmethod 0x0000018b2101d810
Event: 46261.841 Thread 0x0000018b27e176a0 flushing  nmethod 0x0000018b21096110
Event: 46261.841 Thread 0x0000018b27e176a0 flushing  nmethod 0x0000018b210cd090
Event: 46261.841 Thread 0x0000018b27e176a0 flushing  nmethod 0x0000018b210d1410
Event: 46261.841 Thread 0x0000018b27e176a0 flushing  nmethod 0x0000018b210d3b10
Event: 49953.847 Thread 0x0000018b27e176a0 flushing  nmethod 0x0000018b20be5890
Event: 49953.847 Thread 0x0000018b27e176a0 flushing  nmethod 0x0000018b20b01190

Events (20 events):
Event: 71183.173 Thread 0x0000018b6fcfa8f0 Thread exited: 0x0000018b6fcfa8f0
Event: 71183.285 Thread 0x0000018b6fcf3960 Thread exited: 0x0000018b6fcf3960
Event: 71190.607 Thread 0x0000018b6d606720 Thread added: 0x0000018b6fcf53a0
Event: 71190.607 Thread 0x0000018b6fcf53a0 Thread added: 0x0000018b6fcf7470
Event: 71195.612 Thread 0x0000018b6fcf53a0 Thread exited: 0x0000018b6fcf53a0
Event: 71195.867 Thread 0x0000018b6fcf7470 Thread exited: 0x0000018b6fcf7470
Event: 71251.712 Thread 0x0000018b6d606720 Thread added: 0x0000018b6fcf6750
Event: 71251.713 Thread 0x0000018b6fcf6750 Thread added: 0x0000018b6fcfa8f0
Event: 71256.720 Thread 0x0000018b6fcf6750 Thread exited: 0x0000018b6fcf6750
Event: 71256.831 Thread 0x0000018b6fcfa8f0 Thread exited: 0x0000018b6fcfa8f0
Event: 71508.296 Thread 0x0000018b27e3b350 Thread added: 0x0000018b6f67f060
Event: 71513.469 Thread 0x0000018b6f67f060 Thread exited: 0x0000018b6f67f060
Event: 71518.700 Thread 0x0000018b27e3b350 Thread added: 0x0000018b6f67f060
Event: 71524.199 Thread 0x0000018b6f67f060 Thread exited: 0x0000018b6f67f060
Event: 71525.382 Thread 0x0000018b27e3b350 Thread added: 0x0000018b6f67f060
Event: 71528.419 Thread 0x0000018b6f67f060 Thread exited: 0x0000018b6f67f060
Event: 71528.895 Thread 0x0000018b27e3b350 Thread added: 0x0000018b6f67f060
Event: 71534.166 Thread 0x0000018b6f67f060 Thread exited: 0x0000018b6f67f060
Event: 71904.126 Thread 0x0000018b27e3b350 Thread added: 0x0000018b6f67f060
Event: 71909.134 Thread 0x0000018b6f67f060 Thread exited: 0x0000018b6f67f060


Dynamic libraries:
0x00007ff70fe80000 - 0x00007ff70fe90000 	C:\Program Files\Java\jdk-22\bin\java.exe
0x00007ffea5dd0000 - 0x00007ffea5fc8000 	C:\WINDOWS\SYSTEM32\ntdll.dll
0x00007ffea5380000 - 0x00007ffea543d000 	C:\WINDOWS\System32\KERNEL32.DLL
0x00007ffea37c0000 - 0x00007ffea3a8e000 	C:\WINDOWS\System32\KERNELBASE.dll
0x00007ffea36c0000 - 0x00007ffea37c0000 	C:\WINDOWS\System32\ucrtbase.dll
0x00007ffe947c0000 - 0x00007ffe947d7000 	C:\Program Files\Java\jdk-22\bin\jli.dll
0x00007ffea5440000 - 0x00007ffea55e0000 	C:\WINDOWS\System32\USER32.dll
0x00007ffea3690000 - 0x00007ffea36b2000 	C:\WINDOWS\System32\win32u.dll
0x00007ffea4660000 - 0x00007ffea468a000 	C:\WINDOWS\System32\GDI32.dll
0x00007ffea34f0000 - 0x00007ffea35fb000 	C:\WINDOWS\System32\gdi32full.dll
0x00007ffea3a90000 - 0x00007ffea3b2d000 	C:\WINDOWS\System32\msvcp_win.dll
0x00007ffe86a60000 - 0x00007ffe86a7b000 	C:\Program Files\Java\jdk-22\bin\VCRUNTIME140.dll
0x00007ffea2830000 - 0x00007ffea2aca000 	C:\WINDOWS\WinSxS\amd64_microsoft.windows.common-controls_6595b64144ccf1df_6.0.19041.1110_none_60b5254171f9507e\COMCTL32.dll
0x00007ffea5880000 - 0x00007ffea591e000 	C:\WINDOWS\System32\msvcrt.dll
0x00007ffea4690000 - 0x00007ffea46c0000 	C:\WINDOWS\System32\IMM32.DLL
0x00007ffe947b0000 - 0x00007ffe947bc000 	C:\Program Files\Java\jdk-22\bin\vcruntime140_1.dll
0x00007ffe66300000 - 0x00007ffe6638e000 	C:\Program Files\Java\jdk-22\bin\msvcp140.dll
0x00007ffe3ad80000 - 0x00007ffe3bac9000 	C:\Program Files\Java\jdk-22\bin\server\jvm.dll
0x00007ffea5150000 - 0x00007ffea51fe000 	C:\WINDOWS\System32\ADVAPI32.dll
0x00007ffea4450000 - 0x00007ffea44ec000 	C:\WINDOWS\System32\sechost.dll
0x00007ffea4ef0000 - 0x00007ffea5015000 	C:\WINDOWS\System32\RPCRT4.dll
0x00007ffea5210000 - 0x00007ffea527b000 	C:\WINDOWS\System32\WS2_32.dll
0x00007ffea3360000 - 0x00007ffea33ab000 	C:\WINDOWS\SYSTEM32\POWRPROF.dll
0x00007ffe83fb0000 - 0x00007ffe83fd7000 	C:\WINDOWS\SYSTEM32\WINMM.dll
0x00007ffe9ca80000 - 0x00007ffe9ca8a000 	C:\WINDOWS\SYSTEM32\VERSION.dll
0x00007ffea3340000 - 0x00007ffea3352000 	C:\WINDOWS\SYSTEM32\UMPDC.dll
0x00007ffea0d80000 - 0x00007ffea0d92000 	C:\WINDOWS\SYSTEM32\kernel.appcore.dll
0x00007ffe86a50000 - 0x00007ffe86a5a000 	C:\Program Files\Java\jdk-22\bin\jimage.dll
0x00007ffea2ea0000 - 0x00007ffea3084000 	C:\WINDOWS\SYSTEM32\DBGHELP.DLL
0x00007ffea2df0000 - 0x00007ffea2e1c000 	C:\WINDOWS\SYSTEM32\dbgcore.DLL
0x00007ffea3600000 - 0x00007ffea3682000 	C:\WINDOWS\System32\bcryptPrimitives.dll
0x00007ffe7a090000 - 0x00007ffe7a0ae000 	C:\Program Files\Java\jdk-22\bin\java.dll
0x00007ffea46c0000 - 0x00007ffea4e04000 	C:\WINDOWS\System32\SHELL32.dll
0x00007ffea4320000 - 0x00007ffea444a000 	C:\WINDOWS\System32\ole32.dll
0x00007ffea3fc0000 - 0x00007ffea4314000 	C:\WINDOWS\System32\combase.dll
0x00007ffea0f80000 - 0x00007ffea1714000 	C:\WINDOWS\SYSTEM32\windows.storage.dll
0x00007ffea2740000 - 0x00007ffea2770000 	C:\WINDOWS\SYSTEM32\Wldp.dll
0x00007ffea45b0000 - 0x00007ffea465d000 	C:\WINDOWS\System32\SHCORE.dll
0x00007ffea5820000 - 0x00007ffea5875000 	C:\WINDOWS\System32\shlwapi.dll
0x00007ffea3430000 - 0x00007ffea344f000 	C:\WINDOWS\SYSTEM32\profapi.dll
0x00007ffe86a40000 - 0x00007ffe86a50000 	C:\Program Files\Java\jdk-22\bin\net.dll
0x00007ffea2520000 - 0x00007ffea258a000 	C:\WINDOWS\system32\mswsock.dll
0x00007ffe7a070000 - 0x00007ffe7a086000 	C:\Program Files\Java\jdk-22\bin\nio.dll
0x00007ffe7a050000 - 0x00007ffe7a067000 	C:\Program Files\Java\jdk-22\bin\zip.dll
0x00007ffe7abc0000 - 0x00007ffe7abca000 	C:\Program Files\Java\jdk-22\bin\management.dll
0x00007ffe7a2b0000 - 0x00007ffe7a2bb000 	C:\Program Files\Java\jdk-22\bin\management_ext.dll
0x00007ffea5140000 - 0x00007ffea5148000 	C:\WINDOWS\System32\PSAPI.DLL
0x00007ffe9e9e0000 - 0x00007ffe9e9eb000 	C:\Program Files\Java\jdk-22\bin\le.dll
0x00007ffe85ec0000 - 0x00007ffe85ece000 	C:\Program Files\Java\jdk-22\bin\sunmscapi.dll
0x00007ffea3ca0000 - 0x00007ffea3df6000 	C:\WINDOWS\System32\CRYPT32.dll
0x00007ffea2b10000 - 0x00007ffea2b37000 	C:\WINDOWS\SYSTEM32\ncrypt.dll
0x00007ffea2ad0000 - 0x00007ffea2b0b000 	C:\WINDOWS\SYSTEM32\NTASN1.dll
0x00007ffea31b0000 - 0x00007ffea31c8000 	C:\WINDOWS\SYSTEM32\CRYPTSP.dll
0x00007ffea1ec0000 - 0x00007ffea1ef4000 	C:\WINDOWS\system32\rsaenh.dll
0x00007ffea3e00000 - 0x00007ffea3e27000 	C:\WINDOWS\System32\bcrypt.dll
0x00007ffea33b0000 - 0x00007ffea33de000 	C:\WINDOWS\SYSTEM32\USERENV.dll
0x00007ffea26b0000 - 0x00007ffea26bc000 	C:\WINDOWS\SYSTEM32\CRYPTBASE.dll
0x00007ffea2230000 - 0x00007ffea226b000 	C:\WINDOWS\SYSTEM32\IPHLPAPI.DLL
0x00007ffea5370000 - 0x00007ffea5378000 	C:\WINDOWS\System32\NSI.dll
0x00007ffe7acc0000 - 0x00007ffe7acd0000 	C:\Program Files\Java\jdk-22\bin\verify.dll
0x00007ffea2270000 - 0x00007ffea233a000 	C:\WINDOWS\SYSTEM32\DNSAPI.dll
0x000000005ded0000 - 0x000000005def6000 	C:\Program Files\Bonjour\mdnsNSP.dll
0x00007ffe96260000 - 0x00007ffe9626a000 	C:\Windows\System32\rasadhlp.dll
0x00007ffe969b0000 - 0x00007ffe96a30000 	C:\WINDOWS\System32\fwpuclnt.dll
0x00007ffe85eb0000 - 0x00007ffe85eb9000 	C:\Program Files\Java\jdk-22\bin\extnet.dll
0x00007ffe9ea70000 - 0x00007ffe9ea77000 	C:\WINDOWS\system32\wshunix.dll

dbghelp: loaded successfully - version: 4.0.5 - missing functions: none
symbol engine: initialized successfully - sym options: 0x614 - pdb path: .;C:\Program Files\Java\jdk-22\bin;C:\WINDOWS\SYSTEM32;C:\WINDOWS\WinSxS\amd64_microsoft.windows.common-controls_6595b64144ccf1df_6.0.19041.1110_none_60b5254171f9507e;C:\Program Files\Java\jdk-22\bin\server;C:\Program Files\Bonjour

VM Arguments:
jvm_args: -XX:TieredStopAtLevel=1 
java_command: com.clinica.ClinicaApplication
java_class_path (initial): C:\Users\Maquina12\Desktop\Faculdade\clinica\target\classes;C:\Users\Maquina12\.m2\repository\org\springframework\spring-aop\6.1.14\spring-aop-6.1.14.jar;C:\Users\Maquina12\.m2\repository\org\aspectj\aspectjweaver\1.9.22.1\aspectjweaver-1.9.22.1.jar;C:\Users\Maquina12\.m2\repository\com\zaxxer\HikariCP\5.1.0\HikariCP-5.1.0.jar;C:\Users\Maquina12\.m2\repository\org\springframework\spring-jdbc\6.1.14\spring-jdbc-6.1.14.jar;C:\Users\Maquina12\.m2\repository\org\hibernate\orm\hibernate-core\6.5.3.Final\hibernate-core-6.5.3.Final.jar;C:\Users\Maquina12\.m2\repository\jakarta\persistence\jakarta.persistence-api\3.1.0\jakarta.persistence-api-3.1.0.jar;C:\Users\Maquina12\.m2\repository\jakarta\transaction\jakarta.transaction-api\2.0.1\jakarta.transaction-api-2.0.1.jar;C:\Users\Maquina12\.m2\repository\org\jboss\logging\jboss-logging\3.5.3.Final\jboss-logging-3.5.3.Final.jar;C:\Users\Maquina12\.m2\repository\org\hibernate\common\hibernate-commons-annotations\6.0.6.Final\hibernate-commons-annotations-6.0.6.Final.jar;C:\Users\Maquina12\.m2\repository\io\smallrye\jandex\3.1.2\jandex-3.1.2.jar;C:\Users\Maquina12\.m2\repository\com\fasterxml\classmate\1.7.0\classmate-1.7.0.jar;C:\Users\Maquina12\.m2\repository\net\bytebuddy\byte-buddy\1.14.19\byte-buddy-1.14.19.jar;C:\Users\Maquina12\.m2\repository\org\glassfish\jaxb\jaxb-runtime\4.0.5\jaxb-runtime-4.0.5.jar;C:\Users\Maquina12\.m2\repository\org\glassfish\jaxb\jaxb-core\4.0.5\jaxb-core-4.0.5.jar;C:\Users\Maquina12\.m2\repository\org\eclipse\angus\angus-activation\2.0.2\angus-activation-2.0.2.jar;C:\Users\Maquina12\.m2\repository\org\glassfish\jaxb\txw2\4.0.5\txw2-4.0.5.jar;C:\Users\Maquina12\.m2\repository\com\sun\istack\istack-commons-runtime\4.1.2\istack-commons-runtime-4.1.2.jar;C:\Users\Maquina12\.m2\repository\jakarta\inject\jakarta.inject-api\2.0.1\jakarta.inject-api-2.0.1.jar;C:\Users\Maquina12\.m2\repository\org\antlr\antlr4-runtime\4.13.0\antlr4-runtime-4.13.0.jar;C:\Users\Maquina12\.m2\repository\org\springframework\data\spring-data-jpa\3.3.5\spring-data-jpa-3.3.5.jar;C:\Users\Maquina12\.m2\repository\org\springframework\data\spring-data-commons\3.3.5\spring-data-commons-3.3.5.jar;C:\Users\Maquina12\.m2\repository\org\springframework\spring-orm\6.1.14\spring-orm-6.1.14.jar;C:\Users\Maquina12\.m2\repository\org\springframework\spring-context\6.1.14\spring-context-6.1.14.jar;C:\Users\Maquina12\.m2\repository\org\springframework\spring-tx\6.1.14\spring-tx-6.1.14.jar;C:\Users\Maquina12\.m2\repository\org\springframework\spring-beans\6.1.14\spring-beans-6.1.14.jar;C:\Users\Maquina12\.m2\repository\jakarta\annotation\jakarta.annotation-api\2.1.1\jakarta.annotation-api-2.1.1.jar;C:\Users\Maquina12\.m2\repository\org\slf4j\slf4j-api\2.0.16\slf4j-api-2.0.16.jar;C:\Users\Maquina12\.m2\repository\org\springframework\spring-aspects\6.1.14\spring-aspects-6.1.14.jar;C:\Users\Maquina12\.m2\repository\ch\qos\logback\logback-classic\1.5.11\logback-classic-1.5.11.jar;C:\Users\Maquina12\.m2\repository\ch\qos\logback\logback-core\1.5.11\logback-core-1.5.11.jar;C:\Users\Maquina12\.m2\repository\org\apache\logging\log4j\log4j-to-slf4j\2.23.1\log4j-to-slf4j-2.23.1.jar;C:\Users\Maquina12\.m2\repository\org\apache\logging\log4j\log4j-api\2.23.1\log4j-api-2.23.1.jar;C:\Users\Maquina12\.m2\repository\org\slf4j\jul-to-slf4j\2.0.16\jul-to-slf4j-2.0.16.jar;C:\Users\Maquina12\.m2\repository\org\yaml\snakeyaml\2.2\snakeyaml-2.2.jar;C:\Users\Maquina12\.m2\repository\org\apache\tomcat\embed\tomcat-embed-el\10.1.31\tomcat-embed-el-10.1.31.jar;C:\Users\Maquina12\.m2\repository\org\hibernate\validator\hibernate-validator\8.0.1.Final\hibernate-validator-8.0.1.Final.jar;C:\Users\Maquina12\.m2\repository\jakarta\validation\jakarta.validation-api\3.0.2\jakarta.validation-api-3.0.2.jar;C:\Users\Maquina12\.m2\repository\com\fasterxml\jackson\core\jackson-databind\2.17.2\jackson-databind-2.17.2.jar;C:\Users\Maquina12\.m2\repository\com\fasterxml\jackson\core\jackson-annotations\2.17.2\jackson-annotations-2.17.2.jar;C:\Users\Maquina12\.m2\repository\com\fasterxml\jackson\core\jackson-core\2.17.2\jackson-core-2.17.2.jar;C:\Users\Maquina12\.m2\repository\com\fasterxml\jackson\datatype\jackson-datatype-jdk8\2.17.2\jackson-datatype-jdk8-2.17.2.jar;C:\Users\Maquina12\.m2\repository\com\fasterxml\jackson\datatype\jackson-datatype-jsr310\2.17.2\jackson-datatype-jsr310-2.17.2.jar;C:\Users\Maquina12\.m2\repository\com\fasterxml\jackson\module\jackson-module-parameter-names\2.17.2\jackson-module-parameter-names-2.17.2.jar;C:\Users\Maquina12\.m2\repository\org\apache\tomcat\embed\tomcat-embed-core\10.1.31\tomcat-embed-core-10.1.31.jar;C:\Users\Maquina12\.m2\repository\org\apache\tomcat\embed\tomcat-embed-websocket\10.1.31\tomcat-embed-websocket-10.1.31.jar;C:\Users\Maquina12\.m2\repository\org\springframework\spring-web\6.1.14\spring-web-6.1.14.jar;C:\Users\Maquina12\.m2\repository\io\micrometer\micrometer-observation\1.13.6\micrometer-observation-1.13.6.jar;C:\Users\Maquina12\.m2\repository\io\micrometer\micrometer-commons\1.13.6\micrometer-commons-1.13.6.jar;C:\Users\Maquina12\.m2\repository\org\springframework\spring-webmvc\6.1.14\spring-webmvc-6.1.14.jar;C:\Users\Maquina12\.m2\repository\org\springframework\spring-expression\6.1.14\spring-expression-6.1.14.jar;C:\Users\Maquina12\.m2\repository\org\springframework\boot\spring-boot-devtools\3.3.5\spring-boot-devtools-3.3.5.jar;C:\Users\Maquina12\.m2\repository\org\springframework\boot\spring-boot\3.3.5\spring-boot-3.3.5.jar;C:\Users\Maquina12\.m2\repository\org\springframework\boot\spring-boot-autoconfigure\3.3.5\spring-boot-autoconfigure-3.3.5.jar;C:\Users\Maquina12\.m2\repository\org\postgresql\postgresql\42.7.4\postgresql-42.7.4.jar;C:\Users\Maquina12\.m2\repository\org\checkerframework\checker-qual\3.42.0\checker-qual-3.42.0.jar;C:\Users\Maquina12\.m2\repository\jakarta\xml\bind\jakarta.xml.bind-api\4.0.2\jakarta.xml.bind-api-4.0.2.jar;C:\Users\Maquina12\.m2\repository\jakarta\activation\jakarta.activation-api\2.1.3\jakarta.activation-api-2.1.3.jar;C:\Users\Maquina12\.m2\repository\org\springframework\spring-core\6.1.14\spring-core-6.1.14.jar;C:\Users\Maquina12\.m2\repository\org\springframework\spring-jcl\6.1.14\spring-jcl-6.1.14.jar;C:\Users\Maquina12\.m2\repository\org\projectlombok\lombok\1.18.36\lombok-1.18.36.jar
Launcher Type: SUN_STANDARD

[Global flags]
     intx CICompilerCount                          = 2                                         {product} {ergonomic}
     uint ConcGCThreads                            = 1                                         {product} {ergonomic}
     uint G1ConcRefinementThreads                  = 2                                         {product} {ergonomic}
   size_t G1HeapRegionSize                         = 1048576                                   {product} {ergonomic}
   size_t InitialHeapSize                          = 134217728                                 {product} {ergonomic}
   size_t MarkStackSize                            = 4194304                                   {product} {ergonomic}
   size_t MaxHeapSize                              = 2120220672                                {product} {ergonomic}
   size_t MaxNewSize                               = 1271922688                                {product} {ergonomic}
   size_t MinHeapDeltaBytes                        = 1048576                                   {product} {ergonomic}
   size_t MinHeapSize                              = 8388608                                   {product} {ergonomic}
    uintx NonNMethodCodeHeapSize                   = 4096                                   {pd product} {ergonomic}
    uintx NonProfiledCodeHeapSize                  = 0                                      {pd product} {ergonomic}
     bool ProfileInterpreter                       = false                                  {pd product} {command line}
    uintx ProfiledCodeHeapSize                     = 0                                      {pd product} {ergonomic}
   size_t SoftMaxHeapSize                          = 2120220672                             {manageable} {ergonomic}
     intx TieredStopAtLevel                        = 1                                         {product} {command line}
     bool UseCompressedOops                        = true                           {product lp64_product} {ergonomic}
     bool UseG1GC                                  = true                                      {product} {ergonomic}
     bool UseLargePagesIndividualAllocation        = false                                  {pd product} {ergonomic}

Logging:
Log output configuration:
 #0: stdout all=warning uptime,level,tags foldmultilines=false
 #1: stderr all=off uptime,level,tags foldmultilines=false

Environment Variables:
PATH=C:\Program Files\Common Files\Oracle\Java\javapath;C:\Program Files (x86)\Common Files\Oracle\Java\javapath;C:\Program Files (x86)\Common Files\Intel\Shared Files\cpp\bin\Intel64;C:\ProgramData\Oracle\Java\javapath;C:\WINDOWS\system32;C:\WINDOWS;C:\WINDOWS\System32\Wbem;C:\WINDOWS\System32\WindowsPowerShell\v1.0\;C:\WINDOWS\System32\OpenSSH\;C:\Program Files\Microsoft SQL Server\130\Tools\Binn\;C:\Program Files (x86)\Microsoft SQL Server\110\Tools\Binn\;C:\Program Files (x86)\Microsoft SQL Server\110\DTS\Binn\;C:\Program Files (x86)\Microsoft SQL Server\Client SDK\ODBC\110\Tools\Binn\;C:\Program Files (x86)\Microsoft SQL Server\120\Tools\Binn\;C:\Program Files (x86)\Microsoft SQL Server\120\DTS\Binn\;C:\Program Files\Microsoft SQL Server\150\Tools\Binn\;C:\Program Files\Git\cmd;C:\Program Files\nodejs\;D:\Programas\platform-tools;C:\Program Files (x86)\Brackets\;C:\Users\Maquina12\AppData\Local\Programs\Microsoft VS Code\bin;C:\Users\Maquina12\AppData\Roaming\npm;C:\Program Files\Maven\apache-maven-3.9.8\bin;
USERNAME=Maquina12
LANG=en_US.UTF-8
OS=Windows_NT
PROCESSOR_IDENTIFIER=Intel64 Family 6 Model 94 Stepping 3, GenuineIntel
TMP=C:\Users\MAQUIN~1\AppData\Local\Temp
TEMP=C:\Users\MAQUIN~1\AppData\Local\Temp




Periodic native trim disabled

---------------  S Y S T E M  ---------------

OS:
 Windows 10 , 64 bit Build 19041 (10.0.19041.1889)
OS uptime: 6 days 15:19 hours
Hyper-V role detected

CPU: total 2 (initial active 2) (2 cores per cpu, 1 threads per core) family 6 model 94 stepping 3 microcode 0xcc, cx8, cmov, fxsr, mmx, 3dnowpref, sse, sse2, sse3, ssse3, sse4.1, sse4.2, popcnt, lzcnt, tsc, tscinvbit, aes, erms, clmul, clflush, clflushopt, hv, rdtscp
Processor Information for all 2 processors :
  Max Mhz: 3300, Current Mhz: 3300, Mhz Limit: 3300

Memory: 4k page, system-wide physical 8084M (977M free)
TotalPageFile size 19540M (AvailPageFile size 3532M)
current process WorkingSet (physical memory assigned to process): 147M, peak: 192M
current process commit charge ("private bytes"): 225M, peak: 233M

vm_info: Java HotSpot(TM) 64-Bit Server VM (22.0.2+9-70) for windows-amd64 JRE (22.0.2+9-70), built on 2024-06-04T16:52:23Z by "mach5one" with MS VC++ 17.6 (VS2022)

END.
